<?xml version="1.0" encoding="UTF-8"?>
<testng-results skipped="0" failed="0" ignored="0" total="1" passed="1">
  <reporter-output>
  </reporter-output>
  <suite name="Suite" duration-ms="56675" started-at="2020-05-02T11:30:32 BST" finished-at="2020-05-02T11:31:29 BST">
    <groups>
    </groups>
    <test name="Test" duration-ms="56675" started-at="2020-05-02T11:30:32 BST" finished-at="2020-05-02T11:31:29 BST">
      <class name="practise.AppiumFramework.Ecommerce_tc_4">
        <test-method status="PASS" signature="killAllNodes()[pri:0, instance:practise.AppiumFramework.Ecommerce_tc_4@4f67eb2a]" name="killAllNodes" is-config="true" duration-ms="3026" started-at="2020-05-02T11:30:32 BST" finished-at="2020-05-02T11:30:35 BST">
          <reporter-output>
          </reporter-output>
        </test-method> <!-- killAllNodes -->
        <test-method status="PASS" signature="totalValidation()[pri:0, instance:practise.AppiumFramework.Ecommerce_tc_4@4f67eb2a]" name="totalValidation" duration-ms="53575" started-at="2020-05-02T11:30:35 BST" finished-at="2020-05-02T11:31:28 BST">
          <reporter-output>
          </reporter-output>
        </test-method> <!-- totalValidation -->
      </class> <!-- practise.AppiumFramework.Ecommerce_tc_4 -->
    </test> <!-- Test -->
  </suite> <!-- Suite -->
</testng-results>
